Compiled jquery.js  (3ms)  (pid 3913)
Compiled jquery_ujs.js  (22ms)  (pid 3913)
Compiled twitter/bootstrap/bootstrap-transition.js  (0ms)  (pid 3913)
Compiled twitter/bootstrap/bootstrap-alert.js  (0ms)  (pid 3913)
Compiled twitter/bootstrap/bootstrap-modal.js  (0ms)  (pid 3913)
Compiled twitter/bootstrap/bootstrap-dropdown.js  (0ms)  (pid 3913)
Compiled twitter/bootstrap/bootstrap-scrollspy.js  (0ms)  (pid 3913)
Compiled twitter/bootstrap/bootstrap-tab.js  (0ms)  (pid 3913)
Compiled twitter/bootstrap/bootstrap-tooltip.js  (0ms)  (pid 3913)
Compiled twitter/bootstrap/bootstrap-popover.js  (0ms)  (pid 3913)
Compiled twitter/bootstrap/bootstrap-button.js  (0ms)  (pid 3913)
Compiled twitter/bootstrap/bootstrap-collapse.js  (0ms)  (pid 3913)
Compiled twitter/bootstrap/bootstrap-carousel.js  (0ms)  (pid 3913)
Compiled twitter/bootstrap/bootstrap-typeahead.js  (0ms)  (pid 3913)
Compiled twitter/bootstrap/bootstrap-affix.js  (0ms)  (pid 3913)
Compiled twitter/bootstrap.js  (109ms)  (pid 3913)
Compiled bootstrap.js  (259ms)  (pid 3913)
Compiled home.js  (0ms)  (pid 3913)
Compiled application.js  (494ms)  (pid 3913)
Compiled application.css  (0ms)  (pid 3913)
Compiled jquery.js  (1ms)  (pid 3913)
Compiled jquery_ujs.js  (0ms)  (pid 3913)
Compiled twitter/bootstrap/bootstrap-transition.js  (0ms)  (pid 3913)
Compiled twitter/bootstrap/bootstrap-alert.js  (0ms)  (pid 3913)
Compiled twitter/bootstrap/bootstrap-modal.js  (0ms)  (pid 3913)
Compiled twitter/bootstrap/bootstrap-dropdown.js  (0ms)  (pid 3913)
Compiled twitter/bootstrap/bootstrap-scrollspy.js  (0ms)  (pid 3913)
Compiled twitter/bootstrap/bootstrap-tab.js  (0ms)  (pid 3913)
Compiled twitter/bootstrap/bootstrap-tooltip.js  (0ms)  (pid 3913)
Compiled twitter/bootstrap/bootstrap-popover.js  (0ms)  (pid 3913)
Compiled twitter/bootstrap/bootstrap-button.js  (0ms)  (pid 3913)
Compiled twitter/bootstrap/bootstrap-collapse.js  (0ms)  (pid 3913)
Compiled twitter/bootstrap/bootstrap-carousel.js  (0ms)  (pid 3913)
Compiled twitter/bootstrap/bootstrap-typeahead.js  (0ms)  (pid 3913)
Compiled twitter/bootstrap/bootstrap-affix.js  (0ms)  (pid 3913)
Compiled twitter/bootstrap.js  (94ms)  (pid 3913)
Compiled bootstrap.js  (65ms)  (pid 3913)
Compiled home.js  (0ms)  (pid 3913)
Compiled application.js  (209ms)  (pid 3913)
Compiled application.css  (0ms)  (pid 3913)
Compiled jquery.js  (2ms)  (pid 4752)
Compiled jquery_ujs.js  (26ms)  (pid 4752)
Compiled twitter/bootstrap/bootstrap-transition.js  (0ms)  (pid 4752)
Compiled twitter/bootstrap/bootstrap-alert.js  (0ms)  (pid 4752)
Compiled twitter/bootstrap/bootstrap-modal.js  (0ms)  (pid 4752)
Compiled twitter/bootstrap/bootstrap-dropdown.js  (0ms)  (pid 4752)
Compiled twitter/bootstrap/bootstrap-scrollspy.js  (0ms)  (pid 4752)
Compiled twitter/bootstrap/bootstrap-tab.js  (0ms)  (pid 4752)
Compiled twitter/bootstrap/bootstrap-tooltip.js  (0ms)  (pid 4752)
Compiled twitter/bootstrap/bootstrap-popover.js  (0ms)  (pid 4752)
Compiled twitter/bootstrap/bootstrap-button.js  (0ms)  (pid 4752)
Compiled twitter/bootstrap/bootstrap-collapse.js  (0ms)  (pid 4752)
Compiled twitter/bootstrap/bootstrap-carousel.js  (0ms)  (pid 4752)
Compiled twitter/bootstrap/bootstrap-typeahead.js  (0ms)  (pid 4752)
Compiled twitter/bootstrap/bootstrap-affix.js  (0ms)  (pid 4752)
Compiled twitter/bootstrap.js  (160ms)  (pid 4752)
Compiled bootstrap.js  (74ms)  (pid 4752)
Compiled home.js  (0ms)  (pid 4752)
Compiled application.js  (305ms)  (pid 4752)
Compiled application.css  (0ms)  (pid 4752)
Compiled jquery.js  (2ms)  (pid 4752)
Compiled jquery_ujs.js  (0ms)  (pid 4752)
Compiled twitter/bootstrap/bootstrap-transition.js  (0ms)  (pid 4752)
Compiled twitter/bootstrap/bootstrap-alert.js  (0ms)  (pid 4752)
Compiled twitter/bootstrap/bootstrap-modal.js  (0ms)  (pid 4752)
Compiled twitter/bootstrap/bootstrap-dropdown.js  (0ms)  (pid 4752)
Compiled twitter/bootstrap/bootstrap-scrollspy.js  (0ms)  (pid 4752)
Compiled twitter/bootstrap/bootstrap-tab.js  (0ms)  (pid 4752)
Compiled twitter/bootstrap/bootstrap-tooltip.js  (0ms)  (pid 4752)
Compiled twitter/bootstrap/bootstrap-popover.js  (0ms)  (pid 4752)
Compiled twitter/bootstrap/bootstrap-button.js  (0ms)  (pid 4752)
Compiled twitter/bootstrap/bootstrap-collapse.js  (0ms)  (pid 4752)
Compiled twitter/bootstrap/bootstrap-carousel.js  (0ms)  (pid 4752)
Compiled twitter/bootstrap/bootstrap-typeahead.js  (0ms)  (pid 4752)
Compiled twitter/bootstrap/bootstrap-affix.js  (0ms)  (pid 4752)
Compiled twitter/bootstrap.js  (96ms)  (pid 4752)
Compiled bootstrap.js  (67ms)  (pid 4752)
Compiled home.js  (0ms)  (pid 4752)
Compiled application.js  (214ms)  (pid 4752)
Compiled application.css  (0ms)  (pid 4752)
Compiled jquery.js  (2ms)  (pid 5750)
Compiled jquery_ujs.js  (0ms)  (pid 5750)
Compiled twitter/bootstrap/bootstrap-transition.js  (0ms)  (pid 5750)
Compiled twitter/bootstrap/bootstrap-alert.js  (0ms)  (pid 5750)
Compiled twitter/bootstrap/bootstrap-modal.js  (0ms)  (pid 5750)
Compiled twitter/bootstrap/bootstrap-dropdown.js  (0ms)  (pid 5750)
Compiled twitter/bootstrap/bootstrap-scrollspy.js  (0ms)  (pid 5750)
Compiled twitter/bootstrap/bootstrap-tab.js  (0ms)  (pid 5750)
Compiled twitter/bootstrap/bootstrap-tooltip.js  (0ms)  (pid 5750)
Compiled twitter/bootstrap/bootstrap-popover.js  (0ms)  (pid 5750)
Compiled twitter/bootstrap/bootstrap-button.js  (0ms)  (pid 5750)
Compiled twitter/bootstrap/bootstrap-collapse.js  (0ms)  (pid 5750)
Compiled twitter/bootstrap/bootstrap-carousel.js  (0ms)  (pid 5750)
Compiled twitter/bootstrap/bootstrap-typeahead.js  (0ms)  (pid 5750)
Compiled twitter/bootstrap/bootstrap-affix.js  (0ms)  (pid 5750)
Compiled twitter/bootstrap.js  (150ms)  (pid 5750)
Compiled bootstrap.js  (189ms)  (pid 5750)
Compiled home.js  (0ms)  (pid 5750)
Compiled application.js  (655ms)  (pid 5750)
Compiled jquery.js  (3ms)  (pid 3145)
Compiled jquery_ujs.js  (1ms)  (pid 3145)
Compiled twitter/bootstrap/bootstrap-transition.js  (0ms)  (pid 3145)
Compiled twitter/bootstrap/bootstrap-alert.js  (1ms)  (pid 3145)
Compiled twitter/bootstrap/bootstrap-modal.js  (0ms)  (pid 3145)
Compiled twitter/bootstrap/bootstrap-dropdown.js  (0ms)  (pid 3145)
Compiled twitter/bootstrap/bootstrap-scrollspy.js  (0ms)  (pid 3145)
Compiled twitter/bootstrap/bootstrap-tab.js  (0ms)  (pid 3145)
Compiled twitter/bootstrap/bootstrap-tooltip.js  (0ms)  (pid 3145)
Compiled twitter/bootstrap/bootstrap-popover.js  (0ms)  (pid 3145)
Compiled twitter/bootstrap/bootstrap-button.js  (0ms)  (pid 3145)
Compiled twitter/bootstrap/bootstrap-collapse.js  (0ms)  (pid 3145)
Compiled twitter/bootstrap/bootstrap-carousel.js  (0ms)  (pid 3145)
Compiled twitter/bootstrap/bootstrap-typeahead.js  (0ms)  (pid 3145)
Compiled twitter/bootstrap/bootstrap-affix.js  (1ms)  (pid 3145)
Compiled twitter/bootstrap.js  (833ms)  (pid 3145)
Compiled bootstrap.js  (1307ms)  (pid 3145)
Compiled home.js  (1ms)  (pid 3145)
Compiled application.js  (2921ms)  (pid 3145)
Compiled bootstrap_and_overrides.css  (1718ms)  (pid 3145)
Compiled home.css  (97ms)  (pid 3145)
Compiled application.css  (1920ms)  (pid 3145)
Compiled jquery.js  (4ms)  (pid 3145)
Compiled jquery_ujs.js  (0ms)  (pid 3145)
Compiled twitter/bootstrap/bootstrap-transition.js  (0ms)  (pid 3145)
Compiled twitter/bootstrap/bootstrap-alert.js  (0ms)  (pid 3145)
Compiled twitter/bootstrap/bootstrap-modal.js  (0ms)  (pid 3145)
Compiled twitter/bootstrap/bootstrap-dropdown.js  (0ms)  (pid 3145)
Compiled twitter/bootstrap/bootstrap-scrollspy.js  (0ms)  (pid 3145)
Compiled twitter/bootstrap/bootstrap-tab.js  (0ms)  (pid 3145)
Compiled twitter/bootstrap/bootstrap-tooltip.js  (0ms)  (pid 3145)
Compiled twitter/bootstrap/bootstrap-popover.js  (0ms)  (pid 3145)
Compiled twitter/bootstrap/bootstrap-button.js  (0ms)  (pid 3145)
Compiled twitter/bootstrap/bootstrap-collapse.js  (0ms)  (pid 3145)
Compiled twitter/bootstrap/bootstrap-carousel.js  (0ms)  (pid 3145)
Compiled twitter/bootstrap/bootstrap-typeahead.js  (0ms)  (pid 3145)
Compiled twitter/bootstrap/bootstrap-affix.js  (1ms)  (pid 3145)
Compiled twitter/bootstrap.js  (149ms)  (pid 3145)
Compiled bootstrap.js  (87ms)  (pid 3145)
Compiled home.js  (0ms)  (pid 3145)
Compiled application.js  (483ms)  (pid 3145)
Compiled bootstrap_and_overrides.css  (1212ms)  (pid 3145)
Compiled home.css  (66ms)  (pid 3145)
Compiled application.css  (1289ms)  (pid 3145)
